<?xml version="1.0" encoding="UTF-8"?>
<!-- Generated by org.testng.reporters.JUnitXMLReporter -->
<testsuite hostname="qedge-PC" name="Smoke" tests="6" failures="0" timestamp="7 Apr 2018 07:53:21 GMT" time="13.279" errors="0">
  <testcase name="appLaunch" time="0.012" classname="testng.SampleTest"/>
  <testcase name="appLogin" time="0.001" classname="testng.SampleTest"/>
  <testcase name="appClose" time="0.002" classname="testng.SampleTest"/>
  <testcase name="appLogin" time="3.456" classname="testng.AdminLoginTest"/>
  <testcase name="method" time="0.003" classname="testng.Annotations"/>
  <testcase name="method1" time="0.001" classname="testng.Annotations"/>
</testsuite> <!-- Smoke -->
